app/build/intermediates/manifest_merge_blame_file/debug/manifest-merger-blame-debug-report.txt
1<?xml version="1.0" encoding="utf-8"?>
2<manifest xmlns:android="http://schemas.android.com/apk/res/android"
3    package="com.bv.netpop.mobileQR"
4    android:installLocation="auto"
5    android:versionCode="1"
6    android:versionName="1.0" >
7    <!--
8 CameraX libraries require minSdkVersion 21, while this quickstart app
9    supports low to 16. Needs to use overrideLibrary to make the merger tool
10    ignore this conflict and import the libraries while keeping the app's lower
11    minSdkVersion value. In code, will check SDK version, before calling CameraX
12    APIs.
13    -->
14    <uses-sdk
14-->src\main\AndroidManifest.xml:12:5-15:63
15        android:minSdkVersion="16"
15-->src\main\AndroidManifest.xml:12:5-15:63
16        android:targetSdkVersion="30" />
16-->src\main\AndroidManifest.xml:12:5-15:63
17
18    <uses-feature android:name="android.hardware.camera" />
18-->src\main\AndroidManifest.xml:17:5-59
18-->src\main\AndroidManifest.xml:17:19-57
19
20    <uses-permission android:name="android.permission.INTERNET" />
20-->src\main\AndroidManifest.xml:19:5-66
20-->src\main\AndroidManifest.xml:19:22-64
21    <uses-permission android:name="android.permission.WRITE_EXTERNAL_STORAGE" />
21-->src\main\AndroidManifest.xml:20:5-80
21-->src\main\AndroidManifest.xml:20:22-78
22    <uses-permission android:name="android.permission.READ_EXTERNAL_STORAGE" />
22-->src\main\AndroidManifest.xml:21:5-79
22-->src\main\AndroidManifest.xml:21:22-77
23    <uses-permission android:name="android.permission.CAMERA" />
23-->src\main\AndroidManifest.xml:22:5-64
23-->src\main\AndroidManifest.xml:22:22-62
24
25    <queries>
25-->src\main\AndroidManifest.xml:71:5-75:15
26        <intent>
26-->src\main\AndroidManifest.xml:72:9-74:18
27            <action android:name="android.media.action.IMAGE_CAPTURE" />
27-->src\main\AndroidManifest.xml:73:13-73
27-->src\main\AndroidManifest.xml:73:21-70
28        </intent>
29    </queries>
30
31    <!-- Although the *SdkVersion is captured in gradle build files, this is required for non gradle builds -->
32    <!-- <uses-sdk android:minSdkVersion="14"/> -->
33    <uses-permission android:name="android.permission.ACCESS_NETWORK_STATE" />
33-->[com.google.android.datatransport:transport-backend-cct:2.3.3] AndroidManifest.xml:25:5-79
33-->[com.google.android.datatransport:transport-backend-cct:2.3.3] AndroidManifest.xml:25:22-76
34
35    <application
35-->src\main\AndroidManifest.xml:24:5-70:19
36        android:name="androidx.multidex.MultiDexApplication"
36-->src\main\AndroidManifest.xml:25:9-61
37        android:appComponentFactory="androidx.core.app.CoreComponentFactory"
37-->[androidx.core:core:1.3.2] AndroidManifest.xml:24:18-86
38        android:debuggable="true"
39        android:icon="@drawable/ic_baseline_camera_24"
39-->src\main\AndroidManifest.xml:26:9-55
40        android:label="@string/app_name"
40-->src\main\AndroidManifest.xml:27:9-41
41        android:testOnly="true"
42        android:theme="@style/Theme.AppCompat" >
42-->src\main\AndroidManifest.xml:28:9-47
43        <meta-data
43-->src\main\AndroidManifest.xml:30:9-32:68
44            android:name="com.google.android.gms.version"
44-->src\main\AndroidManifest.xml:31:13-58
45            android:value="@integer/google_play_services_version" />
45-->src\main\AndroidManifest.xml:32:13-66
46
47        <!--
48          Optional: Add it to automatically download ML model to device after
49          your app is installed.
50        -->
51        <meta-data
51-->src\main\AndroidManifest.xml:36:9-38:62
52            android:name="com.google.mlkit.vision.DEPENDENCIES"
52-->src\main\AndroidManifest.xml:37:13-64
53            android:value="barcode,face,ocr,ica,custom_ica" />
53-->src\main\AndroidManifest.xml:38:13-60
54
55        <activity
55-->src\main\AndroidManifest.xml:40:9-48:20
56            android:name="com.bv.netpop.mobileQR.EntryChoiceActivity"
56-->src\main\AndroidManifest.xml:41:13-48
57            android:exported="true"
57-->src\main\AndroidManifest.xml:42:13-36
58            android:theme="@style/AppTheme" >
58-->src\main\AndroidManifest.xml:43:13-44
59            <intent-filter>
59-->src\main\AndroidManifest.xml:44:13-47:29
60                <action android:name="android.intent.action.MAIN" />
60-->src\main\AndroidManifest.xml:45:17-68
60-->src\main\AndroidManifest.xml:45:25-66
61
62                <category android:name="android.intent.category.LAUNCHER" />
62-->src\main\AndroidManifest.xml:46:17-76
62-->src\main\AndroidManifest.xml:46:27-74
63            </intent-filter>
64        </activity>
65        <activity
65-->src\main\AndroidManifest.xml:50:9-53:20
66            android:name="com.bv.netpop.mobileQR.java.ChooserActivity"
66-->src\main\AndroidManifest.xml:51:13-49
67            android:exported="true" >
67-->src\main\AndroidManifest.xml:52:13-36
68        </activity>
69        <activity
69-->src\main\AndroidManifest.xml:55:9-59:20
70            android:name="com.bv.netpop.mobileQR.java.CameraXLivePreviewActivity"
70-->src\main\AndroidManifest.xml:56:13-60
71            android:exported="true"
71-->src\main\AndroidManifest.xml:57:13-36
72            android:theme="@style/AppTheme" >
72-->src\main\AndroidManifest.xml:58:13-44
73        </activity>
74        <activity
74-->src\main\AndroidManifest.xml:61:9-63:39
75            android:name="com.bv.netpop.mobileQR.preference.SettingsActivity"
75-->src\main\AndroidManifest.xml:62:13-56
76            android:exported="false" />
76-->src\main\AndroidManifest.xml:63:13-37
77        <activity
77-->src\main\AndroidManifest.xml:65:9-68:20
78            android:name="com.bv.netpop.mobileQR.java.barcodechecker.BarcodeCheckerActivity"
78-->src\main\AndroidManifest.xml:66:13-71
79            android:exported="true" >
79-->src\main\AndroidManifest.xml:67:13-36
80        </activity>
81
82        <service
82-->[com.google.mlkit:object-detection:16.2.7] AndroidManifest.xml:8:9-14:19
83            android:name="com.google.mlkit.common.internal.MlKitComponentDiscoveryService"
83-->[com.google.mlkit:object-detection:16.2.7] AndroidManifest.xml:9:13-91
84            android:directBootAware="true"
84-->[com.google.mlkit:common:17.4.0] AndroidManifest.xml:17:13-43
85            android:exported="false" >
85-->[com.google.mlkit:object-detection:16.2.7] AndroidManifest.xml:10:13-37
86            <meta-data
86-->[com.google.mlkit:object-detection:16.2.7] AndroidManifest.xml:11:13-13:85
87                android:name="com.google.firebase.components:com.google.mlkit.vision.objects.defaults.internal.DefaultObjectsRegistrar"
87-->[com.google.mlkit:object-detection:16.2.7] AndroidManifest.xml:12:17-136
88                android:value="com.google.firebase.components.ComponentRegistrar" />
88-->[com.google.mlkit:object-detection:16.2.7] AndroidManifest.xml:13:17-82
89            <meta-data
89-->[com.google.mlkit:object-detection-custom:16.3.3] AndroidManifest.xml:11:13-13:85
90                android:name="com.google.firebase.components:com.google.mlkit.vision.objects.custom.internal.CustomObjectsRegistrar"
90-->[com.google.mlkit:object-detection-custom:16.3.3] AndroidManifest.xml:12:17-133
91                android:value="com.google.firebase.components.ComponentRegistrar" />
91-->[com.google.mlkit:object-detection-custom:16.3.3] AndroidManifest.xml:13:17-82
92            <meta-data
92-->[com.google.mlkit:image-labeling:17.0.5] AndroidManifest.xml:11:13-13:85
93                android:name="com.google.firebase.components:com.google.mlkit.vision.label.defaults.internal.BundledLabelRegistrar"
93-->[com.google.mlkit:image-labeling:17.0.5] AndroidManifest.xml:12:17-132
94                android:value="com.google.firebase.components.ComponentRegistrar" />
94-->[com.google.mlkit:image-labeling:17.0.5] AndroidManifest.xml:13:17-82
95            <meta-data
95-->[com.google.mlkit:image-labeling-custom:16.3.1] AndroidManifest.xml:11:13-13:85
96                android:name="com.google.firebase.components:com.google.mlkit.vision.label.custom.internal.CustomLabelRegistrar"
96-->[com.google.mlkit:image-labeling-custom:16.3.1] AndroidManifest.xml:12:17-129
97                android:value="com.google.firebase.components.ComponentRegistrar" />
97-->[com.google.mlkit:image-labeling-custom:16.3.1] AndroidManifest.xml:13:17-82
98            <meta-data
98-->[com.google.mlkit:segmentation-selfie:16.0.0-beta2] AndroidManifest.xml:12:13-14:85
99                android:name="com.google.firebase.components:com.google.mlkit.vision.segmentation.internal.SegmentationRegistrar"
99-->[com.google.mlkit:segmentation-selfie:16.0.0-beta2] AndroidManifest.xml:13:17-130
100                android:value="com.google.firebase.components.ComponentRegistrar" />
100-->[com.google.mlkit:segmentation-selfie:16.0.0-beta2] AndroidManifest.xml:14:17-82
101            <meta-data
101-->[com.google.android.gms:play-services-mlkit-barcode-scanning:16.2.1] AndroidManifest.xml:12:13-14:85
102                android:name="com.google.firebase.components:com.google.mlkit.vision.barcode.internal.BarcodeRegistrar"
102-->[com.google.android.gms:play-services-mlkit-barcode-scanning:16.2.1] AndroidManifest.xml:13:17-120
103                android:value="com.google.firebase.components.ComponentRegistrar" />
103-->[com.google.android.gms:play-services-mlkit-barcode-scanning:16.2.1] AndroidManifest.xml:14:17-82
104            <meta-data
104-->[com.google.mlkit:vision-internal-vkp:18.2.0] AndroidManifest.xml:11:13-13:85
105                android:name="com.google.firebase.components:com.google.mlkit.vision.vkp.VkpRegistrar"
105-->[com.google.mlkit:vision-internal-vkp:18.2.0] AndroidManifest.xml:12:17-103
106                android:value="com.google.firebase.components.ComponentRegistrar" />
106-->[com.google.mlkit:vision-internal-vkp:18.2.0] AndroidManifest.xml:13:17-82
107            <meta-data
107-->[com.google.android.gms:play-services-mlkit-face-detection:16.2.0] AndroidManifest.xml:12:13-14:85
108                android:name="com.google.firebase.components:com.google.mlkit.vision.face.internal.FaceRegistrar"
108-->[com.google.android.gms:play-services-mlkit-face-detection:16.2.0] AndroidManifest.xml:13:17-114
109                android:value="com.google.firebase.components.ComponentRegistrar" />
109-->[com.google.android.gms:play-services-mlkit-face-detection:16.2.0] AndroidManifest.xml:14:17-82
110            <meta-data
110-->[com.google.android.gms:play-services-mlkit-text-recognition-common:16.0.0] AndroidManifest.xml:12:13-14:85
111                android:name="com.google.firebase.components:com.google.mlkit.vision.text.internal.TextRegistrar"
111-->[com.google.android.gms:play-services-mlkit-text-recognition-common:16.0.0] AndroidManifest.xml:13:17-114
112                android:value="com.google.firebase.components.ComponentRegistrar" />
112-->[com.google.android.gms:play-services-mlkit-text-recognition-common:16.0.0] AndroidManifest.xml:14:17-82
113            <meta-data
113-->[com.google.mlkit:pose-detection-common:17.1.0-beta5] AndroidManifest.xml:11:13-13:85
114                android:name="com.google.firebase.components:com.google.mlkit.vision.pose.internal.PoseRegistrar"
114-->[com.google.mlkit:pose-detection-common:17.1.0-beta5] AndroidManifest.xml:12:17-114
115                android:value="com.google.firebase.components.ComponentRegistrar" />
115-->[com.google.mlkit:pose-detection-common:17.1.0-beta5] AndroidManifest.xml:13:17-82
116            <meta-data
116-->[com.google.mlkit:vision-common:16.6.0] AndroidManifest.xml:12:13-14:85
117                android:name="com.google.firebase.components:com.google.mlkit.vision.common.internal.VisionCommonRegistrar"
117-->[com.google.mlkit:vision-common:16.6.0] AndroidManifest.xml:13:17-124
118                android:value="com.google.firebase.components.ComponentRegistrar" />
118-->[com.google.mlkit:vision-common:16.6.0] AndroidManifest.xml:14:17-82
119            <meta-data
119-->[com.google.mlkit:common:17.4.0] AndroidManifest.xml:20:13-22:85
120                android:name="com.google.firebase.components:com.google.mlkit.common.internal.CommonComponentRegistrar"
120-->[com.google.mlkit:common:17.4.0] AndroidManifest.xml:21:17-120
121                android:value="com.google.firebase.components.ComponentRegistrar" />
121-->[com.google.mlkit:common:17.4.0] AndroidManifest.xml:22:17-82
122        </service>
123
124        <provider
124-->[com.google.mlkit:common:17.4.0] AndroidManifest.xml:9:9-13:38
125            android:name="com.google.mlkit.common.internal.MlKitInitProvider"
125-->[com.google.mlkit:common:17.4.0] AndroidManifest.xml:10:13-78
126            android:authorities="com.bv.netpop.mobileQR.mlkitinitprovider"
126-->[com.google.mlkit:common:17.4.0] AndroidManifest.xml:11:13-69
127            android:exported="false"
127-->[com.google.mlkit:common:17.4.0] AndroidManifest.xml:12:13-37
128            android:initOrder="99" />
128-->[com.google.mlkit:common:17.4.0] AndroidManifest.xml:13:13-35
129
130        <activity
130-->[com.google.android.gms:play-services-base:17.6.0] AndroidManifest.xml:23:9-26:75
131            android:name="com.google.android.gms.common.api.GoogleApiActivity"
131-->[com.google.android.gms:play-services-base:17.6.0] AndroidManifest.xml:24:13-79
132            android:exported="false"
132-->[com.google.android.gms:play-services-base:17.6.0] AndroidManifest.xml:25:13-37
133            android:theme="@android:style/Theme.Translucent.NoTitleBar" />
133-->[com.google.android.gms:play-services-base:17.6.0] AndroidManifest.xml:26:13-72
134
135        <service
135-->[com.google.android.datatransport:transport-backend-cct:2.3.3] AndroidManifest.xml:29:9-35:19
136            android:name="com.google.android.datatransport.runtime.backends.TransportBackendDiscovery"
136-->[com.google.android.datatransport:transport-backend-cct:2.3.3] AndroidManifest.xml:30:13-103
137            android:exported="false" >
137-->[com.google.android.datatransport:transport-backend-cct:2.3.3] AndroidManifest.xml:31:13-37
138            <meta-data
138-->[com.google.android.datatransport:transport-backend-cct:2.3.3] AndroidManifest.xml:32:13-34:39
139                android:name="backend:com.google.android.datatransport.cct.CctBackendFactory"
139-->[com.google.android.datatransport:transport-backend-cct:2.3.3] AndroidManifest.xml:33:17-94
140                android:value="cct" />
140-->[com.google.android.datatransport:transport-backend-cct:2.3.3] AndroidManifest.xml:34:17-36
141        </service>
142        <service
142-->[com.google.android.datatransport:transport-runtime:2.2.6] AndroidManifest.xml:26:9-30:19
143            android:name="com.google.android.datatransport.runtime.scheduling.jobscheduling.JobInfoSchedulerService"
143-->[com.google.android.datatransport:transport-runtime:2.2.6] AndroidManifest.xml:27:13-117
144            android:exported="false"
144-->[com.google.android.datatransport:transport-runtime:2.2.6] AndroidManifest.xml:28:13-37
145            android:permission="android.permission.BIND_JOB_SERVICE" >
145-->[com.google.android.datatransport:transport-runtime:2.2.6] AndroidManifest.xml:29:13-69
146        </service>
147
148        <receiver
148-->[com.google.android.datatransport:transport-runtime:2.2.6] AndroidManifest.xml:32:9-34:40
149            android:name="com.google.android.datatransport.runtime.scheduling.jobscheduling.AlarmManagerSchedulerBroadcastReceiver"
149-->[com.google.android.datatransport:transport-runtime:2.2.6] AndroidManifest.xml:33:13-132
150            android:exported="false" />
150-->[com.google.android.datatransport:transport-runtime:2.2.6] AndroidManifest.xml:34:13-37
151
152        <provider
152-->[androidx.lifecycle:lifecycle-process:2.1.0] AndroidManifest.xml:23:9-27:43
153            android:name="androidx.lifecycle.ProcessLifecycleOwnerInitializer"
153-->[androidx.lifecycle:lifecycle-process:2.1.0] AndroidManifest.xml:24:13-79
154            android:authorities="com.bv.netpop.mobileQR.lifecycle-process"
154-->[androidx.lifecycle:lifecycle-process:2.1.0] AndroidManifest.xml:25:13-69
155            android:exported="false"
155-->[androidx.lifecycle:lifecycle-process:2.1.0] AndroidManifest.xml:26:13-37
156            android:multiprocess="true" />
156-->[androidx.lifecycle:lifecycle-process:2.1.0] AndroidManifest.xml:27:13-40
157    </application>
158
159</manifest>